<?xml version="1.0" encoding="UTF-8"?>
<!-- Generated by org.testng.reporters.JUnitReportReporter -->
<testsuite hostname="MANJUNATH" failures="0" tests="1" name="Test01_" time="2.706" errors="0" timestamp="2023-02-26T12:10:37 IST" skipped="0">
  <testcase classname="Test01_" name="test_01" time="2.706"/>
  <system-out/>
</testsuite> <!-- Test01_ -->
